<?xml version="1.0" encoding="UTF-8"?>
<testsuite name="com.antgskds.calendarassistant.location.LocationFixTest" tests="2" skipped="0" failures="0" errors="0" timestamp="2026-07-11T05:42:56.057Z" hostname="DESKTOP-UJCRUDN" time="0.008">
  <properties/>
  <testcase name="acceptsBoundaryCoordinates" classname="com.antgskds.calendarassistant.location.LocationFixTest" time="0.006"/>
  <testcase name="rejectsLatitudeOutsideEarth" classname="com.antgskds.calendarassistant.location.LocationFixTest" time="0.001"/>
  <system-out><![CDATA[]]></system-out>
  <system-err><![CDATA[]]></system-err>
</testsuite>
